2019/06/13 06:05:46 [error] [exception.CHttpException.404] CHttpException: Unable to resolve the request "update". in C:\xampp\htdocs\yii-master\framework\web\CWebApplication.php:286
Stack trace:
#0 C:\xampp\htdocs\yii-master\framework\web\CWebApplication.php(141): CWebApplication->runController('update')
#1 C:\xampp\htdocs\yii-master\framework\base\CApplication.php(185): CWebApplication->processRequest()
#2 C:\xampp\htdocs\project\bookrental\index.php(13): CApplication->run()
#3 {main}
REQUEST_URI=/project/bookrental/index.php/update
---
2019/06/13 06:06:06 [error] [exception.CHttpException.400] CHttpException: Your request is invalid. in C:\xampp\htdocs\yii-master\framework\web\CController.php:337
Stack trace:
#0 C:\xampp\htdocs\yii-master\framework\web\CController.php(309): CController->invalidActionParams(Object(CInlineAction))
#1 C:\xampp\htdocs\yii-master\framework\web\filters\CFilterChain.php(134): CController->runAction(Object(CInlineAction))
#2 C:\xampp\htdocs\yii-master\framework\web\filters\CFilter.php(40): CFilterChain->run()
#3 C:\xampp\htdocs\yii-master\framework\web\CController.php(1148): CFilter->filter(Object(CFilterChain))
#4 C:\xampp\htdocs\yii-master\framework\web\filters\CInlineFilter.php(58): CController->filterAccessControl(Object(CFilterChain))
#5 C:\xampp\htdocs\yii-master\framework\web\filters\CFilterChain.php(131): CInlineFilter->filter(Object(CFilterChain))
#6 C:\xampp\htdocs\yii-master\framework\web\CController.php(291): CFilterChain->run()
#7 C:\xampp\htdocs\yii-master\framework\web\CController.php(265): CController->runActionWithFilters(Object(CInlineAction), Array)
#8 C:\xampp\htdocs\yii-master\framework\web\CWebApplication.php(282): CController->run('update')
#9 C:\xampp\htdocs\yii-master\framework\web\CWebApplication.php(141): CWebApplication->runController('book/update')
#10 C:\xampp\htdocs\yii-master\framework\base\CApplication.php(185): CWebApplication->processRequest()
#11 C:\xampp\htdocs\project\bookrental\index.php(13): CApplication->run()
#12 {main}
REQUEST_URI=/project/bookrental/index.php/book/update
HTTP_REFERER=http://localhost/project/bookrental/index.php/site/login
---
2019/06/13 06:08:31 [error] [exception.CHttpException.404] CHttpException: The system is unable to find the requested action "login". in C:\xampp\htdocs\yii-master\framework\web\CController.php:486
Stack trace:
#0 C:\xampp\htdocs\yii-master\framework\web\CController.php(270): CController->missingAction('login')
#1 C:\xampp\htdocs\yii-master\framework\web\CWebApplication.php(282): CController->run('login')
#2 C:\xampp\htdocs\yii-master\framework\web\CWebApplication.php(141): CWebApplication->runController('book/login')
#3 C:\xampp\htdocs\yii-master\framework\base\CApplication.php(185): CWebApplication->processRequest()
#4 C:\xampp\htdocs\project\bookrental\index.php(13): CApplication->run()
#5 {main}
REQUEST_URI=/project/bookrental/index.php/book/login
---
2019/06/13 07:07:22 [error] [exception.CException] CException: Property "User.id" is not defined. in C:\xampp\htdocs\yii-master\framework\base\CComponent.php:130
Stack trace:
#0 C:\xampp\htdocs\yii-master\framework\db\ar\CActiveRecord.php(145): CComponent->__get('id')
#1 C:\xampp\htdocs\project\bookrental\protected\components\UserIdentity.php(31): CActiveRecord->__get('id')
#2 C:\xampp\htdocs\project\bookrental\protected\models\LoginForm.php(54): UserIdentity->authenticate()
#3 C:\xampp\htdocs\yii-master\framework\validators\CInlineValidator.php(42): LoginForm->authenticate('password', Array)
#4 C:\xampp\htdocs\yii-master\framework\validators\CValidator.php(201): CInlineValidator->validateAttribute(Object(LoginForm), 'password')
#5 C:\xampp\htdocs\yii-master\framework\base\CModel.php(159): CValidator->validate(Object(LoginForm), Array)
#6 C:\xampp\htdocs\project\bookrental\protected\controllers\SiteController.php(94): CModel->validate()
#7 C:\xampp\htdocs\yii-master\framework\web\actions\CInlineAction.php(49): SiteController->actionLogin()
#8 C:\xampp\htdocs\yii-master\framework\web\CController.php(308): CInlineAction->runWithParams(Array)
#9 C:\xampp\htdocs\yii-master\framework\web\CController.php(286): CController->runAction(Object(CInlineAction))
#10 C:\xampp\htdocs\yii-master\framework\web\CController.php(265): CController->runActionWithFilters(Object(CInlineAction), Array)
#11 C:\xampp\htdocs\yii-master\framework\web\CWebApplication.php(282): CController->run('login')
#12 C:\xampp\htdocs\yii-master\framework\web\CWebApplication.php(141): CWebApplication->runController('site/login')
#13 C:\xampp\htdocs\yii-master\framework\base\CApplication.php(185): CWebApplication->processRequest()
#14 C:\xampp\htdocs\project\bookrental\index.php(13): CApplication->run()
#15 {main}
REQUEST_URI=/project/bookrental/index.php/site/login
HTTP_REFERER=http://localhost/project/bookrental/index.php/site/login
---
