2019/06/13 05:52:39 [error] [exception.CHttpException.404] CHttpException: Unable to resolve the request "book/create". in C:\xamppp\htdocs\yii\framework\web\CWebApplication.php:286
Stack trace:
#0 C:\xamppp\htdocs\yii\framework\web\CWebApplication.php(141): CWebApplication->runController('book/create')
#1 C:\xamppp\htdocs\yii\framework\base\CApplication.php(185): CWebApplication->processRequest()
#2 C:\xamppp\htdocs\bookrental\bookrental\admin\index.php(13): CApplication->run()
#3 {main}
REQUEST_URI=/bookrental/bookrental/admin/index.php/book/create
---
2019/06/13 05:52:44 [error] [exception.CHttpException.404] CHttpException: Unable to resolve the request "book". in C:\xamppp\htdocs\yii\framework\web\CWebApplication.php:286
Stack trace:
#0 C:\xamppp\htdocs\yii\framework\web\CWebApplication.php(141): CWebApplication->runController('book')
#1 C:\xamppp\htdocs\yii\framework\base\CApplication.php(185): CWebApplication->processRequest()
#2 C:\xamppp\htdocs\bookrental\bookrental\admin\index.php(13): CApplication->run()
#3 {main}
REQUEST_URI=/bookrental/bookrental/admin/index.php/book
---
2019/06/13 05:53:36 [error] [exception.ParseError] ParseError: syntax error, unexpected '}', expecting ')' in C:\xamppp\htdocs\bookrental\bookrental\admin\protected\controllers\BookController.php:46
Stack trace:
#0 C:\xamppp\htdocs\yii\framework\web\CWebApplication.php(276): CWebApplication->createController('')
#1 C:\xamppp\htdocs\yii\framework\web\CWebApplication.php(141): CWebApplication->runController('book')
#2 C:\xamppp\htdocs\yii\framework\base\CApplication.php(185): CWebApplication->processRequest()
#3 C:\xamppp\htdocs\bookrental\bookrental\admin\index.php(13): CApplication->run()
#4 {main}
REQUEST_URI=/bookrental/bookrental/admin/index.php/book
---
2019/06/13 05:57:43 [error] [exception.ParseError] ParseError: syntax error, unexpected 'if' (T_IF), expecting ')' in C:\xamppp\htdocs\bookrental\bookrental\admin\protected\controllers\BookController.php:74
Stack trace:
#0 C:\xamppp\htdocs\yii\framework\web\CWebApplication.php(276): CWebApplication->createController('create/')
#1 C:\xamppp\htdocs\yii\framework\web\CWebApplication.php(141): CWebApplication->runController('book/create')
#2 C:\xamppp\htdocs\yii\framework\base\CApplication.php(185): CWebApplication->processRequest()
#3 C:\xamppp\htdocs\bookrental\bookrental\admin\index.php(13): CApplication->run()
#4 {main}
REQUEST_URI=/bookrental/bookrental/admin/index.php/book/create
HTTP_REFERER=http://localhost/bookrental/bookrental/admin/index.php/book
---
2019/06/13 05:57:54 [error] [exception.ParseError] ParseError: syntax error, unexpected 'if' (T_IF), expecting ')' in C:\xamppp\htdocs\bookrental\bookrental\admin\protected\controllers\BookController.php:74
Stack trace:
#0 C:\xamppp\htdocs\yii\framework\web\CWebApplication.php(276): CWebApplication->createController('create/')
#1 C:\xamppp\htdocs\yii\framework\web\CWebApplication.php(141): CWebApplication->runController('book/create')
#2 C:\xamppp\htdocs\yii\framework\base\CApplication.php(185): CWebApplication->processRequest()
#3 C:\xamppp\htdocs\bookrental\bookrental\admin\index.php(13): CApplication->run()
#4 {main}
REQUEST_URI=/bookrental/bookrental/admin/index.php/book/create
HTTP_REFERER=http://localhost/bookrental/bookrental/admin/index.php/book
---
2019/06/13 05:59:18 [error] [php] move_uploaded_file(./upload/39856.jpg): failed to open stream: No such file or directory (C:\xamppp\htdocs\yii\framework\web\CUploadedFile.php:201)
Stack trace:
#0 C:\xamppp\htdocs\yii\framework\web\actions\CInlineAction.php(49): BookController->actionCreate()
#1 C:\xamppp\htdocs\yii\framework\web\CController.php(308): CInlineAction->runWithParams()
#2 C:\xamppp\htdocs\yii\framework\web\filters\CFilterChain.php(134): BookController->runAction()
#3 C:\xamppp\htdocs\yii\framework\web\filters\CFilter.php(40): CFilterChain->run()
#4 C:\xamppp\htdocs\yii\framework\web\CController.php(1148): CAccessControlFilter->filter()
#5 C:\xamppp\htdocs\yii\framework\web\filters\CInlineFilter.php(58): BookController->filterAccessControl()
#6 C:\xamppp\htdocs\yii\framework\web\filters\CFilterChain.php(131): CInlineFilter->filter()
#7 C:\xamppp\htdocs\yii\framework\web\CController.php(291): CFilterChain->run()
#8 C:\xamppp\htdocs\yii\framework\web\CController.php(265): BookController->runActionWithFilters()
#9 C:\xamppp\htdocs\yii\framework\web\CWebApplication.php(282): BookController->run()
#10 C:\xamppp\htdocs\yii\framework\web\CWebApplication.php(141): CWebApplication->runController()
#11 C:\xamppp\htdocs\yii\framework\base\CApplication.php(185): CWebApplication->processRequest()
#12 C:\xamppp\htdocs\bookrental\bookrental\admin\index.php(13): CWebApplication->run()
REQUEST_URI=/bookrental/bookrental/admin/index.php/book/create
in C:\xamppp\htdocs\bookrental\bookrental\admin\protected\controllers\BookController.php (75)
in C:\xamppp\htdocs\bookrental\bookrental\admin\index.php (13)
2019/06/13 06:00:29 [error] [php] move_uploaded_file(./upload/39856.jpg): failed to open stream: No such file or directory (C:\xamppp\htdocs\yii\framework\web\CUploadedFile.php:201)
Stack trace:
#0 C:\xamppp\htdocs\yii\framework\web\actions\CInlineAction.php(49): BookController->actionCreate()
#1 C:\xamppp\htdocs\yii\framework\web\CController.php(308): CInlineAction->runWithParams()
#2 C:\xamppp\htdocs\yii\framework\web\filters\CFilterChain.php(134): BookController->runAction()
#3 C:\xamppp\htdocs\yii\framework\web\filters\CFilter.php(40): CFilterChain->run()
#4 C:\xamppp\htdocs\yii\framework\web\CController.php(1148): CAccessControlFilter->filter()
#5 C:\xamppp\htdocs\yii\framework\web\filters\CInlineFilter.php(58): BookController->filterAccessControl()
#6 C:\xamppp\htdocs\yii\framework\web\filters\CFilterChain.php(131): CInlineFilter->filter()
#7 C:\xamppp\htdocs\yii\framework\web\CController.php(291): CFilterChain->run()
#8 C:\xamppp\htdocs\yii\framework\web\CController.php(265): BookController->runActionWithFilters()
#9 C:\xamppp\htdocs\yii\framework\web\CWebApplication.php(282): BookController->run()
#10 C:\xamppp\htdocs\yii\framework\web\CWebApplication.php(141): CWebApplication->runController()
#11 C:\xamppp\htdocs\yii\framework\base\CApplication.php(185): CWebApplication->processRequest()
#12 C:\xamppp\htdocs\bookrental\bookrental\admin\index.php(13): CWebApplication->run()
REQUEST_URI=/bookrental/bookrental/admin/index.php/book/create
in C:\xamppp\htdocs\bookrental\bookrental\admin\protected\controllers\BookController.php (75)
in C:\xamppp\htdocs\bookrental\bookrental\admin\index.php (13)
2019/06/13 06:12:23 [error] [exception.ParseError] ParseError: syntax error, unexpected '{' in C:\xamppp\htdocs\bookrental\bookrental\admin\protected\views\book\view.php:6
Stack trace:
#0 C:\xamppp\htdocs\yii\framework\web\CBaseController.php(95): CBaseController->renderInternal('C:\\xamppp\\htdoc...', Array, true)
#1 C:\xamppp\htdocs\yii\framework\web\CController.php(872): CBaseController->renderFile('C:\\xamppp\\htdoc...', Array, true)
#2 C:\xamppp\htdocs\yii\framework\web\CController.php(785): CController->renderPartial('view', Array, true)
#3 C:\xamppp\htdocs\bookrental\bookrental\admin\protected\controllers\BookController.php(55): CController->render('view', Array)
#4 [internal function]: BookController->actionView('10')
#5 C:\xamppp\htdocs\yii\framework\web\actions\CAction.php(109): ReflectionMethod->invokeArgs(Object(BookController), Array)
#6 C:\xamppp\htdocs\yii\framework\web\actions\CInlineAction.php(47): CAction->runWithParamsInternal(Object(BookController), Object(ReflectionMethod), Array)
#7 C:\xamppp\htdocs\yii\framework\web\CController.php(308): CInlineAction->runWithParams(Array)
#8 C:\xamppp\htdocs\yii\framework\web\filters\CFilterChain.php(134): CController->runAction(Object(CInlineAction))
#9 C:\xamppp\htdocs\yii\framework\web\filters\CFilter.php(40): CFilterChain->run()
#10 C:\xamppp\htdocs\yii\framework\web\CController.php(1148): CFilter->filter(Object(CFilterChain))
#11 C:\xamppp\htdocs\yii\framework\web\filters\CInlineFilter.php(58): CController->filterAccessControl(Object(CFilterChain))
#12 C:\xamppp\htdocs\yii\framework\web\filters\CFilterChain.php(131): CInlineFilter->filter(Object(CFilterChain))
#13 C:\xamppp\htdocs\yii\framework\web\CController.php(291): CFilterChain->run()
#14 C:\xamppp\htdocs\yii\framework\web\CController.php(265): CController->runActionWithFilters(Object(CInlineAction), Array)
#15 C:\xamppp\htdocs\yii\framework\web\CWebApplication.php(282): CController->run('view')
#16 C:\xamppp\htdocs\yii\framework\web\CWebApplication.php(141): CWebApplication->runController('book/view')
#17 C:\xamppp\htdocs\yii\framework\base\CApplication.php(185): CWebApplication->processRequest()
#18 C:\xamppp\htdocs\bookrental\bookrental\admin\index.php(13): CApplication->run()
#19 {main}
REQUEST_URI=/bookrental/bookrental/admin/index.php/book/10
HTTP_REFERER=http://localhost/bookrental/bookrental/admin/index.php/book/create
---
2019/06/13 06:12:28 [error] [exception.ParseError] ParseError: syntax error, unexpected '{' in C:\xamppp\htdocs\bookrental\bookrental\admin\protected\views\book\view.php:6
Stack trace:
#0 C:\xamppp\htdocs\yii\framework\web\CBaseController.php(95): CBaseController->renderInternal('C:\\xamppp\\htdoc...', Array, true)
#1 C:\xamppp\htdocs\yii\framework\web\CController.php(872): CBaseController->renderFile('C:\\xamppp\\htdoc...', Array, true)
#2 C:\xamppp\htdocs\yii\framework\web\CController.php(785): CController->renderPartial('view', Array, true)
#3 C:\xamppp\htdocs\bookrental\bookrental\admin\protected\controllers\BookController.php(55): CController->render('view', Array)
#4 [internal function]: BookController->actionView('10')
#5 C:\xamppp\htdocs\yii\framework\web\actions\CAction.php(109): ReflectionMethod->invokeArgs(Object(BookController), Array)
#6 C:\xamppp\htdocs\yii\framework\web\actions\CInlineAction.php(47): CAction->runWithParamsInternal(Object(BookController), Object(ReflectionMethod), Array)
#7 C:\xamppp\htdocs\yii\framework\web\CController.php(308): CInlineAction->runWithParams(Array)
#8 C:\xamppp\htdocs\yii\framework\web\filters\CFilterChain.php(134): CController->runAction(Object(CInlineAction))
#9 C:\xamppp\htdocs\yii\framework\web\filters\CFilter.php(40): CFilterChain->run()
#10 C:\xamppp\htdocs\yii\framework\web\CController.php(1148): CFilter->filter(Object(CFilterChain))
#11 C:\xamppp\htdocs\yii\framework\web\filters\CInlineFilter.php(58): CController->filterAccessControl(Object(CFilterChain))
#12 C:\xamppp\htdocs\yii\framework\web\filters\CFilterChain.php(131): CInlineFilter->filter(Object(CFilterChain))
#13 C:\xamppp\htdocs\yii\framework\web\CController.php(291): CFilterChain->run()
#14 C:\xamppp\htdocs\yii\framework\web\CController.php(265): CController->runActionWithFilters(Object(CInlineAction), Array)
#15 C:\xamppp\htdocs\yii\framework\web\CWebApplication.php(282): CController->run('view')
#16 C:\xamppp\htdocs\yii\framework\web\CWebApplication.php(141): CWebApplication->runController('book/view')
#17 C:\xamppp\htdocs\yii\framework\base\CApplication.php(185): CWebApplication->processRequest()
#18 C:\xamppp\htdocs\bookrental\bookrental\admin\index.php(13): CApplication->run()
#19 {main}
REQUEST_URI=/bookrental/bookrental/admin/index.php/book/10
HTTP_REFERER=http://localhost/bookrental/bookrental/admin/index.php/book/create
---
