2019/06/12 05:08:53 [error] [exception.CHttpException.404] CHttpException: The system is unable to find the requested action "about". in C:\xampp\htdocs\yii-master\framework\web\CController.php:486
Stack trace:
#0 C:\xampp\htdocs\yii-master\framework\web\CController.php(270): CController->missingAction('about')
#1 C:\xampp\htdocs\yii-master\framework\web\CWebApplication.php(282): CController->run('about')
#2 C:\xampp\htdocs\yii-master\framework\web\CWebApplication.php(141): CWebApplication->runController('site/about')
#3 C:\xampp\htdocs\yii-master\framework\base\CApplication.php(185): CWebApplication->processRequest()
#4 C:\xampp\htdocs\regrelation\index.php(13): CApplication->run()
#5 {main}
REQUEST_URI=/regrelation/index.php/site/about?view=about
HTTP_REFERER=http://localhost/regrelation/index.php/site/contact
---
2019/06/12 05:08:59 [error] [exception.CHttpException.404] CHttpException: The system is unable to find the requested action "about". in C:\xampp\htdocs\yii-master\framework\web\CController.php:486
Stack trace:
#0 C:\xampp\htdocs\yii-master\framework\web\CController.php(270): CController->missingAction('about')
#1 C:\xampp\htdocs\yii-master\framework\web\CWebApplication.php(282): CController->run('about')
#2 C:\xampp\htdocs\yii-master\framework\web\CWebApplication.php(141): CWebApplication->runController('site/about')
#3 C:\xampp\htdocs\yii-master\framework\base\CApplication.php(185): CWebApplication->processRequest()
#4 C:\xampp\htdocs\regrelation\index.php(13): CApplication->run()
#5 {main}
REQUEST_URI=/regrelation/index.php/site/about?view=about
HTTP_REFERER=http://localhost/regrelation/index.php/user/index
---
2019/06/12 05:09:06 [error] [exception.CHttpException.404] CHttpException: The system is unable to find the requested action "about". in C:\xampp\htdocs\yii-master\framework\web\CController.php:486
Stack trace:
#0 C:\xampp\htdocs\yii-master\framework\web\CController.php(270): CController->missingAction('about')
#1 C:\xampp\htdocs\yii-master\framework\web\CWebApplication.php(282): CController->run('about')
#2 C:\xampp\htdocs\yii-master\framework\web\CWebApplication.php(141): CWebApplication->runController('site/about')
#3 C:\xampp\htdocs\yii-master\framework\base\CApplication.php(185): CWebApplication->processRequest()
#4 C:\xampp\htdocs\regrelation\index.php(13): CApplication->run()
#5 {main}
REQUEST_URI=/regrelation/index.php/site/about?view=about
HTTP_REFERER=http://localhost/regrelation/index.php/user/index
---
2019/06/12 05:09:11 [error] [exception.CHttpException.404] CHttpException: The system is unable to find the requested action "about". in C:\xampp\htdocs\yii-master\framework\web\CController.php:486
Stack trace:
#0 C:\xampp\htdocs\yii-master\framework\web\CController.php(270): CController->missingAction('about')
#1 C:\xampp\htdocs\yii-master\framework\web\CWebApplication.php(282): CController->run('about')
#2 C:\xampp\htdocs\yii-master\framework\web\CWebApplication.php(141): CWebApplication->runController('site/about')
#3 C:\xampp\htdocs\yii-master\framework\base\CApplication.php(185): CWebApplication->processRequest()
#4 C:\xampp\htdocs\regrelation\index.php(13): CApplication->run()
#5 {main}
REQUEST_URI=/regrelation/index.php/site/about?view=about
HTTP_REFERER=http://localhost/regrelation/index.php/site/contact
---
2019/06/12 05:10:19 [error] [exception.CHttpException.404] CHttpException: The system is unable to find the requested action "about". in C:\xampp\htdocs\yii-master\framework\web\CController.php:486
Stack trace:
#0 C:\xampp\htdocs\yii-master\framework\web\CController.php(270): CController->missingAction('about')
#1 C:\xampp\htdocs\yii-master\framework\web\CWebApplication.php(282): CController->run('about')
#2 C:\xampp\htdocs\yii-master\framework\web\CWebApplication.php(141): CWebApplication->runController('site/about')
#3 C:\xampp\htdocs\yii-master\framework\base\CApplication.php(185): CWebApplication->processRequest()
#4 C:\xampp\htdocs\regrelation\index.php(13): CApplication->run()
#5 {main}
REQUEST_URI=/regrelation/index.php/site/about?view=about
HTTP_REFERER=http://localhost/regrelation/index.php
---
2019/06/12 05:15:38 [error] [php] Undefined variable: model (C:\xampp\htdocs\regrelation\protected\views\site\pages\about.php:30)
Stack trace:
#0 C:\xampp\htdocs\yii-master\framework\web\CController.php(872): SiteController->renderFile()
#1 C:\xampp\htdocs\yii-master\framework\web\CController.php(785): SiteController->renderPartial()
#2 C:\xampp\htdocs\yii-master\framework\web\actions\CViewAction.php(140): SiteController->render()
#3 C:\xampp\htdocs\yii-master\framework\web\actions\CAction.php(76): CViewAction->run()
#4 C:\xampp\htdocs\yii-master\framework\web\CController.php(308): CViewAction->runWithParams()
#5 C:\xampp\htdocs\yii-master\framework\web\CController.php(286): SiteController->runAction()
#6 C:\xampp\htdocs\yii-master\framework\web\CController.php(265): SiteController->runActionWithFilters()
#7 C:\xampp\htdocs\yii-master\framework\web\CWebApplication.php(282): SiteController->run()
#8 C:\xampp\htdocs\yii-master\framework\web\CWebApplication.php(141): CWebApplication->runController()
#9 C:\xampp\htdocs\yii-master\framework\base\CApplication.php(185): CWebApplication->processRequest()
#10 C:\xampp\htdocs\regrelation\index.php(13): CWebApplication->run()
REQUEST_URI=/regrelation/index.php/site/page?view=about
in C:\xampp\htdocs\regrelation\protected\views\site\pages\about.php (30)
in C:\xampp\htdocs\regrelation\index.php (13)
2019/06/12 05:56:56 [error] [exception.CException] CException: Property "User.id_position" is not defined. in C:\xampp\htdocs\yii-master\framework\base\CComponent.php:130
Stack trace:
#0 C:\xampp\htdocs\yii-master\framework\db\ar\CActiveRecord.php(145): CComponent->__get('id_position')
#1 C:\xampp\htdocs\yii-master\framework\web\helpers\CHtml.php(2760): CActiveRecord->__get('id_position')
#2 C:\xampp\htdocs\yii-master\framework\web\helpers\CHtml.php(1994): CHtml::resolveValue(Object(User), 'id_position')
#3 C:\xampp\htdocs\yii-master\framework\web\widgets\CActiveForm.php(914): CHtml::activeDropDownList(Object(User), 'id_position', Array, Array)
#4 C:\xampp\htdocs\regrelation\protected\views\site\index.php(75): CActiveForm->dropDownList(Object(User), 'id_position', Array)
#5 C:\xampp\htdocs\yii-master\framework\web\CBaseController.php(126): require('C:\\xampp\\htdocs...')
#6 C:\xampp\htdocs\yii-master\framework\web\CBaseController.php(95): CBaseController->renderInternal('C:\\xampp\\htdocs...', Array, true)
#7 C:\xampp\htdocs\yii-master\framework\web\CController.php(872): CBaseController->renderFile('C:\\xampp\\htdocs...', Array, true)
#8 C:\xampp\htdocs\yii-master\framework\web\CController.php(785): CController->renderPartial('index', Array, true)
#9 C:\xampp\htdocs\regrelation\protected\controllers\SiteController.php(39): CController->render('index', Array)
#10 C:\xampp\htdocs\yii-master\framework\web\actions\CInlineAction.php(49): SiteController->actionIndex()
#11 C:\xampp\htdocs\yii-master\framework\web\CController.php(308): CInlineAction->runWithParams(Array)
#12 C:\xampp\htdocs\yii-master\framework\web\CController.php(286): CController->runAction(Object(CInlineAction))
#13 C:\xampp\htdocs\yii-master\framework\web\CController.php(265): CController->runActionWithFilters(Object(CInlineAction), Array)
#14 C:\xampp\htdocs\yii-master\framework\web\CWebApplication.php(282): CController->run('index')
#15 C:\xampp\htdocs\yii-master\framework\web\CWebApplication.php(141): CWebApplication->runController('site/index')
#16 C:\xampp\htdocs\yii-master\framework\base\CApplication.php(185): CWebApplication->processRequest()
#17 C:\xampp\htdocs\regrelation\index.php(13): CApplication->run()
#18 {main}
REQUEST_URI=/regrelation/index.php/site/index
HTTP_REFERER=http://localhost/regrelation/index.php/site/contact
---
